Determining if the pthread_create exist failed with the following output:
Change Dir: /home/lar/ros/rope_ws/build/roscpp/CMakeFiles/CMakeTmp

Run Build Command:"/usr/bin/make" "cmTC_5239e/fast"
/usr/bin/make -f CMakeFiles/cmTC_5239e.dir/build.make CMakeFiles/cmTC_5239e.dir/build
make[1]: Entering directory '/home/lar/ros/rope_ws/build/roscpp/CMakeFiles/CMakeTmp'
Building C object CMakeFiles/cmTC_5239e.dir/CheckSymbolExists.c.o
/usr/bin/cc     -o CMakeFiles/cmTC_5239e.dir/CheckSymbolExists.c.o   -c /home/lar/ros/rope_ws/build/roscpp/CMakeFiles/CMakeTmp/CheckSymbolExists.c
Linking C executable cmTC_5239e
/usr/bin/cmake -E cmake_link_script CMakeFiles/cmTC_5239e.dir/link.txt --verbose=1
/usr/bin/cc       CMakeFiles/cmTC_5239e.dir/CheckSymbolExists.c.o  -o cmTC_5239e -rdynamic 
CMakeFiles/cmTC_5239e.dir/CheckSymbolExists.c.o: In function `main':
CheckSymbolExists.c:(.text+0x16): undefined reference to `pthread_create'
collect2: error: ld returned 1 exit status
CMakeFiles/cmTC_5239e.dir/build.make:97: recipe for target 'cmTC_5239e' failed
make[1]: *** [cmTC_5239e] Error 1
make[1]: Leaving directory '/home/lar/ros/rope_ws/build/roscpp/CMakeFiles/CMakeTmp'
Makefile:126: recipe for target 'cmTC_5239e/fast' failed
make: *** [cmTC_5239e/fast] Error 2

File /home/lar/ros/rope_ws/build/roscpp/CMakeFiles/CMakeTmp/CheckSymbolExists.c:
/* */
#include <pthread.h>

int main(int argc, char** argv)
{
  (void)argv;
#ifndef pthread_create
  return ((int*)(&pthread_create))[argc];
#else
  (void)argc;
  return 0;
#endif
}

Determining if the function pthread_create exists in the pthreads failed with the following output:
Change Dir: /home/lar/ros/rope_ws/build/roscpp/CMakeFiles/CMakeTmp

Run Build Command:"/usr/bin/make" "cmTC_55ba1/fast"
/usr/bin/make -f CMakeFiles/cmTC_55ba1.dir/build.make CMakeFiles/cmTC_55ba1.dir/build
make[1]: Entering directory '/home/lar/ros/rope_ws/build/roscpp/CMakeFiles/CMakeTmp'
Building C object CMakeFiles/cmTC_55ba1.dir/CheckFunctionExists.c.o
/usr/bin/cc    -DCHECK_FUNCTION_EXISTS=pthread_create   -o CMakeFiles/cmTC_55ba1.dir/CheckFunctionExists.c.o   -c /usr/share/cmake-3.5/Modules/CheckFunctionExists.c
Linking C executable cmTC_55ba1
/usr/bin/cmake -E cmake_link_script CMakeFiles/cmTC_55ba1.dir/link.txt --verbose=1
/usr/bin/cc   -DCHECK_FUNCTION_EXISTS=pthread_create    CMakeFiles/cmTC_55ba1.dir/CheckFunctionExists.c.o  -o cmTC_55ba1 -rdynamic -lpthreads 
/usr/bin/ld: cannot find -lpthreads
collect2: error: ld returned 1 exit status
CMakeFiles/cmTC_55ba1.dir/build.make:97: recipe for target 'cmTC_55ba1' failed
make[1]: *** [cmTC_55ba1] Error 1
make[1]: Leaving directory '/home/lar/ros/rope_ws/build/roscpp/CMakeFiles/CMakeTmp'
Makefile:126: recipe for target 'cmTC_55ba1/fast' failed
make: *** [cmTC_55ba1/fast] Error 2


Determining if the function trunc exists failed with the following output:
Change Dir: /home/lar/ros/rope_ws/build/roscpp/CMakeFiles/CMakeTmp

Run Build Command:"/usr/bin/make" "cmTC_27059/fast"
/usr/bin/make -f CMakeFiles/cmTC_27059.dir/build.make CMakeFiles/cmTC_27059.dir/build
make[1]: Entering directory '/home/lar/ros/rope_ws/build/roscpp/CMakeFiles/CMakeTmp'
Building C object CMakeFiles/cmTC_27059.dir/CheckFunctionExists.c.o
/usr/bin/cc    -DCHECK_FUNCTION_EXISTS=trunc   -o CMakeFiles/cmTC_27059.dir/CheckFunctionExists.c.o   -c /usr/share/cmake-3.5/Modules/CheckFunctionExists.c
<command-line>:0:23: warning: conflicting types for built-in function ‘trunc’
/usr/share/cmake-3.5/Modules/CheckFunctionExists.c:6:6: note: in expansion of macro ‘CHECK_FUNCTION_EXISTS’
 char CHECK_FUNCTION_EXISTS();
      ^
Linking C executable cmTC_27059
/usr/bin/cmake -E cmake_link_script CMakeFiles/cmTC_27059.dir/link.txt --verbose=1
/usr/bin/cc   -DCHECK_FUNCTION_EXISTS=trunc    CMakeFiles/cmTC_27059.dir/CheckFunctionExists.c.o  -o cmTC_27059 -rdynamic 
CMakeFiles/cmTC_27059.dir/CheckFunctionExists.c.o: In function `main':
CheckFunctionExists.c:(.text+0x15): undefined reference to `trunc'
collect2: error: ld returned 1 exit status
CMakeFiles/cmTC_27059.dir/build.make:97: recipe for target 'cmTC_27059' failed
make[1]: *** [cmTC_27059] Error 1
make[1]: Leaving directory '/home/lar/ros/rope_ws/build/roscpp/CMakeFiles/CMakeTmp'
Makefile:126: recipe for target 'cmTC_27059/fast' failed
make: *** [cmTC_27059/fast] Error 2


