[  0%] Built target std_msgs_generate_messages_nodejs
[  0%] Built target _topic_tools_generate_messages_check_deps_MuxDelete
[  0%] Built target _topic_tools_generate_messages_check_deps_MuxList
[  0%] Built target _topic_tools_generate_messages_check_deps_MuxAdd
[  0%] Built target _topic_tools_generate_messages_check_deps_MuxSelect
[  0%] Built target _topic_tools_generate_messages_check_deps_DemuxAdd
[  0%] Built target _topic_tools_generate_messages_check_deps_DemuxDelete
[  0%] Built target _topic_tools_generate_messages_check_deps_DemuxSelect
[  0%] Built target std_msgs_generate_messages_cpp
[  0%] Built target std_msgs_generate_messages_eus
[  0%] Built target std_msgs_generate_messages_py
[  0%] Built target std_msgs_generate_messages_lisp
[  0%] Built target _topic_tools_generate_messages_check_deps_DemuxList
[ 15%] Built target topic_tools_generate_messages_py
[ 31%] Built target topic_tools_generate_messages_eus
[ 45%] Built target topic_tools_generate_messages_nodejs
[ 71%] Built target topic_tools_generate_messages_lisp
[ 73%] Built target topic_tools_generate_messages_cpp
[ 73%] Built target topic_tools_generate_messages
[ 78%] Built target topic_tools
[ 84%] Built target mux
[ 85%] Built target throttle
[ 89%] Built target relay
[ 92%] Built target drop
[ 96%] Built target demux
[100%] Built target switch_mux
