Not searching for unused variables given on the command line.
[36m--[0m Using CATKIN_DEVEL_PREFIX: /home/lar/ros/rope_ws/devel/.private/rosbag
[36m--[0m Using CMAKE_PREFIX_PATH: /home/lar/ros/rope_ws/devel;/opt/ros/kinetic
[36m--[0m This workspace overlays: /home/lar/ros/rope_ws/devel;/opt/ros/kinetic
[36m--[0m Using PYTHON_EXECUTABLE: /home/lar/miniconda3/envs/rope_processing/bin/python3.9
[36m--[0m Using Debian Python package layout
[36m--[0m Using empy: /usr/bin/empy
[36m--[0m Using CATKIN_ENABLE_TESTING: 0
[36m--[0m catkin 0.7.29
[36m--[0m BUILD_SHARED_LIBS is on
[36m--[0m Boost version: 1.58.0
[36m--[0m Found the following Boost libraries:
[36m--[0m   date_time
[36m--[0m   regex
[36m--[0m   program_options
[36m--[0m   filesystem
[36m--[0m   system
[36m--[0m Configuring done
[36m--[0m Generating done
[36m--[0m Build files have been written to: /home/lar/ros/rope_ws/build/rosbag
