[  0%] Built target std_msgs_generate_messages_eus
[  0%] Built target _dynamic_reconfigure_generate_messages_check_deps_GroupState
[  0%] Built target _dynamic_reconfigure_generate_messages_check_deps_Config
[  0%] Built target _dynamic_reconfigure_generate_messages_check_deps_Group
[  0%] Built target _dynamic_reconfigure_generate_messages_check_deps_IntParameter
[  0%] Built target _dynamic_reconfigure_generate_messages_check_deps_ParamDescription
[  0%] Built target _dynamic_reconfigure_generate_messages_check_deps_ConfigDescription
[  0%] Built target _dynamic_reconfigure_generate_messages_check_deps_DoubleParameter
[  0%] Built target std_msgs_generate_messages_lisp
[  0%] Built target std_msgs_generate_messages_nodejs
[  0%] Built target std_msgs_generate_messages_cpp
[  0%] Built target _dynamic_reconfigure_generate_messages_check_deps_BoolParameter
[  0%] Built target _dynamic_reconfigure_generate_messages_check_deps_StrParameter
[  0%] Built target _dynamic_reconfigure_generate_messages_check_deps_SensorLevels
[  3%] Built target dynamic_reconfigure_config_init_mutex
[  3%] Built target _dynamic_reconfigure_generate_messages_check_deps_Reconfigure
[  3%] Built target std_msgs_generate_messages_py
[ 45%] Built target dynamic_reconfigure_generate_messages_nodejs
[ 55%] Built target dynamic_reconfigure_generate_messages_lisp
[ 70%] Built target dynamic_reconfigure_generate_messages_py
[ 80%] Built target dynamic_reconfigure_generate_messages_cpp
[100%] Built target dynamic_reconfigure_generate_messages_eus
[100%] Built target dynamic_reconfigure_generate_messages
