[  0%] Built target std_msgs_generate_messages_eus
[  0%] Built target _dynamic_reconfigure_generate_messages_check_deps_ParamDescription
[  0%] Built target _dynamic_reconfigure_generate_messages_check_deps_GroupState
[  0%] Built target _dynamic_reconfigure_generate_messages_check_deps_Config
[  0%] Built target _dynamic_reconfigure_generate_messages_check_deps_Group
[  0%] Built target _dynamic_reconfigure_generate_messages_check_deps_IntParameter
[  0%] Built target _dynamic_reconfigure_generate_messages_check_deps_ConfigDescription
[  0%] Built target std_msgs_generate_messages_lisp
[  0%] Built target std_msgs_generate_messages_nodejs
[  0%] Built target _dynamic_reconfigure_generate_messages_check_deps_StrParameter
[  0%] Built target std_msgs_generate_messages_cpp
[  0%] Built target _dynamic_reconfigure_generate_messages_check_deps_Reconfigure
[  0%] Built target _dynamic_reconfigure_generate_messages_check_deps_DoubleParameter
[  0%] Built target std_msgs_generate_messages_py
[  0%] Built target _dynamic_reconfigure_generate_messages_check_deps_BoolParameter
[  0%] Built target _dynamic_reconfigure_generate_messages_check_deps_SensorLevels
[  3%] Built target dynamic_reconfigure_config_init_mutex
[ 21%] Built target dynamic_reconfigure_generate_messages_lisp
[ 40%] Built target dynamic_reconfigure_generate_messages_cpp
[ 60%] Built target dynamic_reconfigure_generate_messages_eus
[ 81%] Built target dynamic_reconfigure_generate_messages_py
[100%] Built target dynamic_reconfigure_generate_messages_nodejs
[100%] Built target dynamic_reconfigure_generate_messages
