[  0%] Built target _roscpp_generate_messages_check_deps_SetLoggerLevel
[  0%] Built target _roscpp_generate_messages_check_deps_GetLoggers
[  0%] Built target _roscpp_generate_messages_check_deps_Empty
[  0%] Built target std_msgs_generate_messages_py
[  0%] Built target rosgraph_msgs_generate_messages_py
[  0%] Built target rosgraph_msgs_generate_messages_lisp
[  0%] Built target rosgraph_msgs_generate_messages_nodejs
[  0%] Built target _roscpp_generate_messages_check_deps_Logger
[  0%] Built target rosgraph_msgs_generate_messages_eus
[  0%] Built target std_msgs_generate_messages_eus
[  0%] Built target std_msgs_generate_messages_lisp
[  0%] Built target _catkin_empty_exported_target
[  0%] Built target std_msgs_generate_messages_nodejs
[  0%] Built target rosgraph_msgs_generate_messages_cpp
[  0%] Built target std_msgs_generate_messages_cpp
[  6%] Built target roscpp_generate_messages_eus
[ 15%] Built target roscpp_generate_messages_py
[ 20%] Built target roscpp_generate_messages_nodejs
[ 26%] Built target roscpp_generate_messages_lisp
[ 31%] Built target roscpp_generate_messages_cpp
[ 31%] Built target roscpp_generate_messages
[100%] Built target roscpp
