Linked: (/home/lar/ros/rope_ws/devel/.private/roscpp/lib/libroscpp.so, /home/lar/ros/rope_ws/devel/lib/libroscpp.so)
Linked: (/home/lar/ros/rope_ws/devel/.private/roscpp/lib/python3/dist-packages/roscpp/__init__.py, /home/lar/ros/rope_ws/devel/lib/python3/dist-packages/roscpp/__init__.py)
Linked: (/home/lar/ros/rope_ws/devel/.private/roscpp/lib/python3/dist-packages/roscpp/msg/__init__.py, /home/lar/ros/rope_ws/devel/lib/python3/dist-packages/roscpp/msg/__init__.py)
Linked: (/home/lar/ros/rope_ws/devel/.private/roscpp/lib/python3/dist-packages/roscpp/msg/_Logger.py, /home/lar/ros/rope_ws/devel/lib/python3/dist-packages/roscpp/msg/_Logger.py)
Linked: (/home/lar/ros/rope_ws/devel/.private/roscpp/lib/python3/dist-packages/roscpp/srv/_SetLoggerLevel.py, /home/lar/ros/rope_ws/devel/lib/python3/dist-packages/roscpp/srv/_SetLoggerLevel.py)
Linked: (/home/lar/ros/rope_ws/devel/.private/roscpp/lib/python3/dist-packages/roscpp/srv/_GetLoggers.py, /home/lar/ros/rope_ws/devel/lib/python3/dist-packages/roscpp/srv/_GetLoggers.py)
Linked: (/home/lar/ros/rope_ws/devel/.private/roscpp/lib/python3/dist-packages/roscpp/srv/_Empty.py, /home/lar/ros/rope_ws/devel/lib/python3/dist-packages/roscpp/srv/_Empty.py)
Linked: (/home/lar/ros/rope_ws/devel/.private/roscpp/lib/python3/dist-packages/roscpp/srv/__init__.py, /home/lar/ros/rope_ws/devel/lib/python3/dist-packages/roscpp/srv/__init__.py)
Linked: (/home/lar/ros/rope_ws/devel/.private/roscpp/lib/pkgconfig/roscpp.pc, /home/lar/ros/rope_ws/devel/lib/pkgconfig/roscpp.pc)
Linked: (/home/lar/ros/rope_ws/devel/.private/roscpp/include/roscpp/SetLoggerLevelRequest.h, /home/lar/ros/rope_ws/devel/include/roscpp/SetLoggerLevelRequest.h)
Linked: (/home/lar/ros/rope_ws/devel/.private/roscpp/include/roscpp/EmptyRequest.h, /home/lar/ros/rope_ws/devel/include/roscpp/EmptyRequest.h)
Linked: (/home/lar/ros/rope_ws/devel/.private/roscpp/include/roscpp/EmptyResponse.h, /home/lar/ros/rope_ws/devel/include/roscpp/EmptyResponse.h)
Linked: (/home/lar/ros/rope_ws/devel/.private/roscpp/include/roscpp/SetLoggerLevel.h, /home/lar/ros/rope_ws/devel/include/roscpp/SetLoggerLevel.h)
Linked: (/home/lar/ros/rope_ws/devel/.private/roscpp/include/roscpp/GetLoggers.h, /home/lar/ros/rope_ws/devel/include/roscpp/GetLoggers.h)
Linked: (/home/lar/ros/rope_ws/devel/.private/roscpp/include/roscpp/Logger.h, /home/lar/ros/rope_ws/devel/include/roscpp/Logger.h)
Linked: (/home/lar/ros/rope_ws/devel/.private/roscpp/include/roscpp/SetLoggerLevelResponse.h, /home/lar/ros/rope_ws/devel/include/roscpp/SetLoggerLevelResponse.h)
Linked: (/home/lar/ros/rope_ws/devel/.private/roscpp/include/roscpp/Empty.h, /home/lar/ros/rope_ws/devel/include/roscpp/Empty.h)
Linked: (/home/lar/ros/rope_ws/devel/.private/roscpp/include/roscpp/GetLoggersRequest.h, /home/lar/ros/rope_ws/devel/include/roscpp/GetLoggersRequest.h)
Linked: (/home/lar/ros/rope_ws/devel/.private/roscpp/include/roscpp/GetLoggersResponse.h, /home/lar/ros/rope_ws/devel/include/roscpp/GetLoggersResponse.h)
Linked: (/home/lar/ros/rope_ws/devel/.private/roscpp/include/ros/common.h, /home/lar/ros/rope_ws/devel/include/ros/common.h)
Linked: (/home/lar/ros/rope_ws/devel/.private/roscpp/share/gennodejs/ros/roscpp/_index.js, /home/lar/ros/rope_ws/devel/share/gennodejs/ros/roscpp/_index.js)
Linked: (/home/lar/ros/rope_ws/devel/.private/roscpp/share/gennodejs/ros/roscpp/msg/Logger.js, /home/lar/ros/rope_ws/devel/share/gennodejs/ros/roscpp/msg/Logger.js)
Linked: (/home/lar/ros/rope_ws/devel/.private/roscpp/share/gennodejs/ros/roscpp/msg/_index.js, /home/lar/ros/rope_ws/devel/share/gennodejs/ros/roscpp/msg/_index.js)
Linked: (/home/lar/ros/rope_ws/devel/.private/roscpp/share/gennodejs/ros/roscpp/srv/GetLoggers.js, /home/lar/ros/rope_ws/devel/share/gennodejs/ros/roscpp/srv/GetLoggers.js)
Linked: (/home/lar/ros/rope_ws/devel/.private/roscpp/share/gennodejs/ros/roscpp/srv/SetLoggerLevel.js, /home/lar/ros/rope_ws/devel/share/gennodejs/ros/roscpp/srv/SetLoggerLevel.js)
Linked: (/home/lar/ros/rope_ws/devel/.private/roscpp/share/gennodejs/ros/roscpp/srv/_index.js, /home/lar/ros/rope_ws/devel/share/gennodejs/ros/roscpp/srv/_index.js)
Linked: (/home/lar/ros/rope_ws/devel/.private/roscpp/share/gennodejs/ros/roscpp/srv/Empty.js, /home/lar/ros/rope_ws/devel/share/gennodejs/ros/roscpp/srv/Empty.js)
Linked: (/home/lar/ros/rope_ws/devel/.private/roscpp/share/roseus/ros/roscpp/manifest.l, /home/lar/ros/rope_ws/devel/share/roseus/ros/roscpp/manifest.l)
Linked: (/home/lar/ros/rope_ws/devel/.private/roscpp/share/roseus/ros/roscpp/msg/Logger.l, /home/lar/ros/rope_ws/devel/share/roseus/ros/roscpp/msg/Logger.l)
Linked: (/home/lar/ros/rope_ws/devel/.private/roscpp/share/roseus/ros/roscpp/srv/SetLoggerLevel.l, /home/lar/ros/rope_ws/devel/share/roseus/ros/roscpp/srv/SetLoggerLevel.l)
Linked: (/home/lar/ros/rope_ws/devel/.private/roscpp/share/roseus/ros/roscpp/srv/GetLoggers.l, /home/lar/ros/rope_ws/devel/share/roseus/ros/roscpp/srv/GetLoggers.l)
Linked: (/home/lar/ros/rope_ws/devel/.private/roscpp/share/roseus/ros/roscpp/srv/Empty.l, /home/lar/ros/rope_ws/devel/share/roseus/ros/roscpp/srv/Empty.l)
Linked: (/home/lar/ros/rope_ws/devel/.private/roscpp/share/common-lisp/ros/roscpp/msg/Logger.lisp, /home/lar/ros/rope_ws/devel/share/common-lisp/ros/roscpp/msg/Logger.lisp)
Linked: (/home/lar/ros/rope_ws/devel/.private/roscpp/share/common-lisp/ros/roscpp/msg/_package_Logger.lisp, /home/lar/ros/rope_ws/devel/share/common-lisp/ros/roscpp/msg/_package_Logger.lisp)
Linked: (/home/lar/ros/rope_ws/devel/.private/roscpp/share/common-lisp/ros/roscpp/msg/roscpp-msg.asd, /home/lar/ros/rope_ws/devel/share/common-lisp/ros/roscpp/msg/roscpp-msg.asd)
Linked: (/home/lar/ros/rope_ws/devel/.private/roscpp/share/common-lisp/ros/roscpp/msg/_package.lisp, /home/lar/ros/rope_ws/devel/share/common-lisp/ros/roscpp/msg/_package.lisp)
Linked: (/home/lar/ros/rope_ws/devel/.private/roscpp/share/common-lisp/ros/roscpp/srv/roscpp-srv.asd, /home/lar/ros/rope_ws/devel/share/common-lisp/ros/roscpp/srv/roscpp-srv.asd)
Linked: (/home/lar/ros/rope_ws/devel/.private/roscpp/share/common-lisp/ros/roscpp/srv/GetLoggers.lisp, /home/lar/ros/rope_ws/devel/share/common-lisp/ros/roscpp/srv/GetLoggers.lisp)
Linked: (/home/lar/ros/rope_ws/devel/.private/roscpp/share/common-lisp/ros/roscpp/srv/_package_Empty.lisp, /home/lar/ros/rope_ws/devel/share/common-lisp/ros/roscpp/srv/_package_Empty.lisp)
Linked: (/home/lar/ros/rope_ws/devel/.private/roscpp/share/common-lisp/ros/roscpp/srv/SetLoggerLevel.lisp, /home/lar/ros/rope_ws/devel/share/common-lisp/ros/roscpp/srv/SetLoggerLevel.lisp)
Linked: (/home/lar/ros/rope_ws/devel/.private/roscpp/share/common-lisp/ros/roscpp/srv/_package_SetLoggerLevel.lisp, /home/lar/ros/rope_ws/devel/share/common-lisp/ros/roscpp/srv/_package_SetLoggerLevel.lisp)
Linked: (/home/lar/ros/rope_ws/devel/.private/roscpp/share/common-lisp/ros/roscpp/srv/_package_GetLoggers.lisp, /home/lar/ros/rope_ws/devel/share/common-lisp/ros/roscpp/srv/_package_GetLoggers.lisp)
Linked: (/home/lar/ros/rope_ws/devel/.private/roscpp/share/common-lisp/ros/roscpp/srv/_package.lisp, /home/lar/ros/rope_ws/devel/share/common-lisp/ros/roscpp/srv/_package.lisp)
Linked: (/home/lar/ros/rope_ws/devel/.private/roscpp/share/common-lisp/ros/roscpp/srv/Empty.lisp, /home/lar/ros/rope_ws/devel/share/common-lisp/ros/roscpp/srv/Empty.lisp)
Linked: (/home/lar/ros/rope_ws/devel/.private/roscpp/share/roscpp/cmake/roscpp-msg-extras.cmake, /home/lar/ros/rope_ws/devel/share/roscpp/cmake/roscpp-msg-extras.cmake)
Linked: (/home/lar/ros/rope_ws/devel/.private/roscpp/share/roscpp/cmake/roscpp-msg-paths.cmake, /home/lar/ros/rope_ws/devel/share/roscpp/cmake/roscpp-msg-paths.cmake)
Linked: (/home/lar/ros/rope_ws/devel/.private/roscpp/share/roscpp/cmake/roscppConfig.cmake, /home/lar/ros/rope_ws/devel/share/roscpp/cmake/roscppConfig.cmake)
Linked: (/home/lar/ros/rope_ws/devel/.private/roscpp/share/roscpp/cmake/roscppConfig-version.cmake, /home/lar/ros/rope_ws/devel/share/roscpp/cmake/roscppConfig-version.cmake)
