Determining if the pthread_create exist failed with the following output:
Change Dir: /home/lar/ros/rope_ws/build/roslib/CMakeFiles/CMakeTmp

Run Build Command:"/usr/bin/make" "cmTC_2a0df/fast"
/usr/bin/make -f CMakeFiles/cmTC_2a0df.dir/build.make CMakeFiles/cmTC_2a0df.dir/build
make[1]: Entering directory '/home/lar/ros/rope_ws/build/roslib/CMakeFiles/CMakeTmp'
Building C object CMakeFiles/cmTC_2a0df.dir/CheckSymbolExists.c.o
/usr/bin/cc     -o CMakeFiles/cmTC_2a0df.dir/CheckSymbolExists.c.o   -c /home/lar/ros/rope_ws/build/roslib/CMakeFiles/CMakeTmp/CheckSymbolExists.c
Linking C executable cmTC_2a0df
/usr/bin/cmake -E cmake_link_script CMakeFiles/cmTC_2a0df.dir/link.txt --verbose=1
/usr/bin/cc       CMakeFiles/cmTC_2a0df.dir/CheckSymbolExists.c.o  -o cmTC_2a0df -rdynamic 
CMakeFiles/cmTC_2a0df.dir/CheckSymbolExists.c.o: In function `main':
CheckSymbolExists.c:(.text+0x16): undefined reference to `pthread_create'
collect2: error: ld returned 1 exit status
CMakeFiles/cmTC_2a0df.dir/build.make:97: recipe for target 'cmTC_2a0df' failed
make[1]: *** [cmTC_2a0df] Error 1
make[1]: Leaving directory '/home/lar/ros/rope_ws/build/roslib/CMakeFiles/CMakeTmp'
Makefile:126: recipe for target 'cmTC_2a0df/fast' failed
make: *** [cmTC_2a0df/fast] Error 2

File /home/lar/ros/rope_ws/build/roslib/CMakeFiles/CMakeTmp/CheckSymbolExists.c:
/* */
#include <pthread.h>

int main(int argc, char** argv)
{
  (void)argv;
#ifndef pthread_create
  return ((int*)(&pthread_create))[argc];
#else
  (void)argc;
  return 0;
#endif
}

Determining if the function pthread_create exists in the pthreads failed with the following output:
Change Dir: /home/lar/ros/rope_ws/build/roslib/CMakeFiles/CMakeTmp

Run Build Command:"/usr/bin/make" "cmTC_4c3ae/fast"
/usr/bin/make -f CMakeFiles/cmTC_4c3ae.dir/build.make CMakeFiles/cmTC_4c3ae.dir/build
make[1]: Entering directory '/home/lar/ros/rope_ws/build/roslib/CMakeFiles/CMakeTmp'
Building C object CMakeFiles/cmTC_4c3ae.dir/CheckFunctionExists.c.o
/usr/bin/cc    -DCHECK_FUNCTION_EXISTS=pthread_create   -o CMakeFiles/cmTC_4c3ae.dir/CheckFunctionExists.c.o   -c /usr/share/cmake-3.5/Modules/CheckFunctionExists.c
Linking C executable cmTC_4c3ae
/usr/bin/cmake -E cmake_link_script CMakeFiles/cmTC_4c3ae.dir/link.txt --verbose=1
/usr/bin/cc   -DCHECK_FUNCTION_EXISTS=pthread_create    CMakeFiles/cmTC_4c3ae.dir/CheckFunctionExists.c.o  -o cmTC_4c3ae -rdynamic -lpthreads 
/usr/bin/ld: cannot find -lpthreads
collect2: error: ld returned 1 exit status
CMakeFiles/cmTC_4c3ae.dir/build.make:97: recipe for target 'cmTC_4c3ae' failed
make[1]: *** [cmTC_4c3ae] Error 1
make[1]: Leaving directory '/home/lar/ros/rope_ws/build/roslib/CMakeFiles/CMakeTmp'
Makefile:126: recipe for target 'cmTC_4c3ae/fast' failed
make: *** [cmTC_4c3ae/fast] Error 2


