[35m[1mScanning dependencies of target _process_rope_msgs_generate_messages_check_deps_SampleRope[0m
[35m[1mScanning dependencies of target sensor_msgs_generate_messages_py[0m
[35m[1mScanning dependencies of target sensor_msgs_generate_messages_cpp[0m
[35m[1mScanning dependencies of target std_msgs_generate_messages_nodejs[0m
[35m[1mScanning dependencies of target sensor_msgs_generate_messages_lisp[0m
[35m[1mScanning dependencies of target std_msgs_generate_messages_cpp[0m
[35m[1mScanning dependencies of target std_msgs_generate_messages_py[0m
[35m[1mScanning dependencies of target sensor_msgs_generate_messages_nodejs[0m
[  0%] Built target std_msgs_generate_messages_cpp
[  0%] Built target std_msgs_generate_messages_nodejs
[  0%] Built target sensor_msgs_generate_messages_py
[  0%] Built target sensor_msgs_generate_messages_lisp
[  0%] Built target std_msgs_generate_messages_py
[  0%] Built target sensor_msgs_generate_messages_cpp
[  0%] Built target sensor_msgs_generate_messages_nodejs
[35m[1mScanning dependencies of target std_msgs_generate_messages_lisp[0m
[35m[1mScanning dependencies of target sensor_msgs_generate_messages_eus[0m
[35m[1mScanning dependencies of target std_msgs_generate_messages_eus[0m
[  0%] Built target std_msgs_generate_messages_eus
[  0%] Built target std_msgs_generate_messages_lisp
[  0%] Built target sensor_msgs_generate_messages_eus
[  0%] Built target _process_rope_msgs_generate_messages_check_deps_SampleRope
[35m[1mScanning dependencies of target process_rope_msgs_generate_messages_py[0m
[35m[1mScanning dependencies of target process_rope_msgs_generate_messages_cpp[0m
[35m[1mScanning dependencies of target process_rope_msgs_generate_messages_eus[0m
[35m[1mScanning dependencies of target process_rope_msgs_generate_messages_lisp[0m
[35m[1mScanning dependencies of target process_rope_msgs_generate_messages_nodejs[0m
[ 14%] [34m[1mGenerating Python code from SRV process_rope_msgs/SampleRope[0m
[ 42%] [34m[1mGenerating EusLisp manifest code for process_rope_msgs[0m
[ 42%] [34m[1mGenerating Javascript code from process_rope_msgs/SampleRope.srv[0m
[ 57%] [34m[1mGenerating EusLisp code from process_rope_msgs/SampleRope.srv[0m
[ 71%] [34m[1mGenerating Lisp code from process_rope_msgs/SampleRope.srv[0m
[ 85%] [34m[1mGenerating C++ code from process_rope_msgs/SampleRope.srv[0m
[ 85%] Built target process_rope_msgs_generate_messages_nodejs
[ 85%] Built target process_rope_msgs_generate_messages_lisp
[100%] [34m[1mGenerating Python srv __init__.py for process_rope_msgs[0m
[100%] Built target process_rope_msgs_generate_messages_py
[100%] Built target process_rope_msgs_generate_messages_cpp
[100%] Built target process_rope_msgs_generate_messages_eus
[35m[1mScanning dependencies of target process_rope_msgs_generate_messages[0m
[100%] Built target process_rope_msgs_generate_messages
