[36m--[0m Using CATKIN_DEVEL_PREFIX: /home/lar/ros/rope_ws/devel/.private/process_rope_msgs
[36m--[0m Using CMAKE_PREFIX_PATH: /home/lar/ros/rope_ws/devel;/opt/ros/kinetic
[36m--[0m This workspace overlays: /home/lar/ros/rope_ws/devel;/opt/ros/kinetic
[36m--[0m Found PythonInterp: /usr/bin/python2 (found suitable version "2.7.12", minimum required is "2")
[36m--[0m Using PYTHON_EXECUTABLE: /usr/bin/python2
[36m--[0m Using Debian Python package layout
[36m--[0m Using empy: /usr/bin/empy
[36m--[0m Using CATKIN_ENABLE_TESTING: ON
[36m--[0m Call enable_testing()
[36m--[0m Using CATKIN_TEST_RESULTS_DIR: /home/lar/ros/rope_ws/build/process_rope_msgs/test_results
[36m--[0m Found gtest sources under '/usr/src/gmock': gtests will be built
[36m--[0m Found gmock sources under '/usr/src/gmock': gmock will be built
[36m--[0m Found PythonInterp: /usr/bin/python2 (found version "2.7.12")
[36m--[0m Using Python nosetests: /usr/bin/nosetests-2.7
[36m--[0m catkin 0.7.29
[36m--[0m BUILD_SHARED_LIBS is on
[31m[1mCMake Error[0m at /home/lar/ros/rope_ws/src/process_rope_msgs/CMakeLists.txt:58 (add_service_files):
  Unknown CMake command "add_service_files".


[36m--[0m Configuring incomplete, errors occurred!
See also "/home/lar/ros/rope_ws/build/process_rope_msgs/CMakeFiles/CMakeOutput.log".
See also "/home/lar/ros/rope_ws/build/process_rope_msgs/CMakeFiles/CMakeError.log".
Makefile:668: recipe for target 'cmake_check_build_system' failed
make: *** [cmake_check_build_system] Error 1
