Determining if the pthread_create exist failed with the following output:
Change Dir: /home/lar/ros/rope_ws/build/cpp_common/CMakeFiles/CMakeTmp

Run Build Command:"/usr/bin/make" "cmTC_f0bde/fast"
/usr/bin/make -f CMakeFiles/cmTC_f0bde.dir/build.make CMakeFiles/cmTC_f0bde.dir/build
make[1]: Entering directory '/home/lar/ros/rope_ws/build/cpp_common/CMakeFiles/CMakeTmp'
Building C object CMakeFiles/cmTC_f0bde.dir/CheckSymbolExists.c.o
/usr/bin/cc     -o CMakeFiles/cmTC_f0bde.dir/CheckSymbolExists.c.o   -c /home/lar/ros/rope_ws/build/cpp_common/CMakeFiles/CMakeTmp/CheckSymbolExists.c
Linking C executable cmTC_f0bde
/usr/bin/cmake -E cmake_link_script CMakeFiles/cmTC_f0bde.dir/link.txt --verbose=1
/usr/bin/cc       CMakeFiles/cmTC_f0bde.dir/CheckSymbolExists.c.o  -o cmTC_f0bde -rdynamic 
CMakeFiles/cmTC_f0bde.dir/CheckSymbolExists.c.o: In function `main':
CheckSymbolExists.c:(.text+0x16): undefined reference to `pthread_create'
collect2: error: ld returned 1 exit status
CMakeFiles/cmTC_f0bde.dir/build.make:97: recipe for target 'cmTC_f0bde' failed
make[1]: *** [cmTC_f0bde] Error 1
make[1]: Leaving directory '/home/lar/ros/rope_ws/build/cpp_common/CMakeFiles/CMakeTmp'
Makefile:126: recipe for target 'cmTC_f0bde/fast' failed
make: *** [cmTC_f0bde/fast] Error 2

File /home/lar/ros/rope_ws/build/cpp_common/CMakeFiles/CMakeTmp/CheckSymbolExists.c:
/* */
#include <pthread.h>

int main(int argc, char** argv)
{
  (void)argv;
#ifndef pthread_create
  return ((int*)(&pthread_create))[argc];
#else
  (void)argc;
  return 0;
#endif
}

Determining if the function pthread_create exists in the pthreads failed with the following output:
Change Dir: /home/lar/ros/rope_ws/build/cpp_common/CMakeFiles/CMakeTmp

Run Build Command:"/usr/bin/make" "cmTC_f2bed/fast"
/usr/bin/make -f CMakeFiles/cmTC_f2bed.dir/build.make CMakeFiles/cmTC_f2bed.dir/build
make[1]: Entering directory '/home/lar/ros/rope_ws/build/cpp_common/CMakeFiles/CMakeTmp'
Building C object CMakeFiles/cmTC_f2bed.dir/CheckFunctionExists.c.o
/usr/bin/cc    -DCHECK_FUNCTION_EXISTS=pthread_create   -o CMakeFiles/cmTC_f2bed.dir/CheckFunctionExists.c.o   -c /usr/share/cmake-3.5/Modules/CheckFunctionExists.c
Linking C executable cmTC_f2bed
/usr/bin/cmake -E cmake_link_script CMakeFiles/cmTC_f2bed.dir/link.txt --verbose=1
/usr/bin/cc   -DCHECK_FUNCTION_EXISTS=pthread_create    CMakeFiles/cmTC_f2bed.dir/CheckFunctionExists.c.o  -o cmTC_f2bed -rdynamic -lpthreads 
/usr/bin/ld: cannot find -lpthreads
collect2: error: ld returned 1 exit status
CMakeFiles/cmTC_f2bed.dir/build.make:97: recipe for target 'cmTC_f2bed' failed
make[1]: *** [cmTC_f2bed] Error 1
make[1]: Leaving directory '/home/lar/ros/rope_ws/build/cpp_common/CMakeFiles/CMakeTmp'
Makefile:126: recipe for target 'cmTC_f2bed/fast' failed
make: *** [cmTC_f2bed/fast] Error 2


Performing C++ SOURCE FILE Test HAVE_CXXABI_H failed with the following output:
Change Dir: /home/lar/ros/rope_ws/build/cpp_common/CMakeFiles/CMakeTmp

Run Build Command:"/usr/bin/make" "cmTC_51caa/fast"
/usr/bin/make -f CMakeFiles/cmTC_51caa.dir/build.make CMakeFiles/cmTC_51caa.dir/build
make[1]: Entering directory '/home/lar/ros/rope_ws/build/cpp_common/CMakeFiles/CMakeTmp'
Building CXX object CMakeFiles/cmTC_51caa.dir/src.cxx.o
/usr/bin/c++     -DHAVE_CXXABI_H   -o CMakeFiles/cmTC_51caa.dir/src.cxx.o -c /home/lar/ros/rope_ws/build/cpp_common/CMakeFiles/CMakeTmp/src.cxx
/home/lar/ros/rope_ws/build/cpp_common/CMakeFiles/CMakeTmp/src.cxx:2:8: error: expected constructor, destructor, or type conversion before ‘(’ token
 intmain(intargc,char**argv){}
        ^
CMakeFiles/cmTC_51caa.dir/build.make:65: recipe for target 'CMakeFiles/cmTC_51caa.dir/src.cxx.o' failed
make[1]: *** [CMakeFiles/cmTC_51caa.dir/src.cxx.o] Error 1
make[1]: Leaving directory '/home/lar/ros/rope_ws/build/cpp_common/CMakeFiles/CMakeTmp'
Makefile:126: recipe for target 'cmTC_51caa/fast' failed
make: *** [cmTC_51caa/fast] Error 2

Source file was:
#include<cxxabi.h>
intmain(intargc,char**argv){}
