Linked: (/home/lar/ros/rope_ws/devel/.private/rosgraph_msgs/lib/python3/dist-packages/rosgraph_msgs/__init__.py, /home/lar/ros/rope_ws/devel/lib/python3/dist-packages/rosgraph_msgs/__init__.py)
Linked: (/home/lar/ros/rope_ws/devel/.private/rosgraph_msgs/lib/python3/dist-packages/rosgraph_msgs/msg/_TopicStatistics.py, /home/lar/ros/rope_ws/devel/lib/python3/dist-packages/rosgraph_msgs/msg/_TopicStatistics.py)
Linked: (/home/lar/ros/rope_ws/devel/.private/rosgraph_msgs/lib/python3/dist-packages/rosgraph_msgs/msg/_Log.py, /home/lar/ros/rope_ws/devel/lib/python3/dist-packages/rosgraph_msgs/msg/_Log.py)
Linked: (/home/lar/ros/rope_ws/devel/.private/rosgraph_msgs/lib/python3/dist-packages/rosgraph_msgs/msg/__init__.py, /home/lar/ros/rope_ws/devel/lib/python3/dist-packages/rosgraph_msgs/msg/__init__.py)
Linked: (/home/lar/ros/rope_ws/devel/.private/rosgraph_msgs/lib/python3/dist-packages/rosgraph_msgs/msg/_Clock.py, /home/lar/ros/rope_ws/devel/lib/python3/dist-packages/rosgraph_msgs/msg/_Clock.py)
Linked: (/home/lar/ros/rope_ws/devel/.private/rosgraph_msgs/lib/pkgconfig/rosgraph_msgs.pc, /home/lar/ros/rope_ws/devel/lib/pkgconfig/rosgraph_msgs.pc)
Linked: (/home/lar/ros/rope_ws/devel/.private/rosgraph_msgs/include/rosgraph_msgs/Log.h, /home/lar/ros/rope_ws/devel/include/rosgraph_msgs/Log.h)
Linked: (/home/lar/ros/rope_ws/devel/.private/rosgraph_msgs/include/rosgraph_msgs/Clock.h, /home/lar/ros/rope_ws/devel/include/rosgraph_msgs/Clock.h)
Linked: (/home/lar/ros/rope_ws/devel/.private/rosgraph_msgs/include/rosgraph_msgs/TopicStatistics.h, /home/lar/ros/rope_ws/devel/include/rosgraph_msgs/TopicStatistics.h)
Linked: (/home/lar/ros/rope_ws/devel/.private/rosgraph_msgs/share/gennodejs/ros/rosgraph_msgs/_index.js, /home/lar/ros/rope_ws/devel/share/gennodejs/ros/rosgraph_msgs/_index.js)
Linked: (/home/lar/ros/rope_ws/devel/.private/rosgraph_msgs/share/gennodejs/ros/rosgraph_msgs/msg/Log.js, /home/lar/ros/rope_ws/devel/share/gennodejs/ros/rosgraph_msgs/msg/Log.js)
Linked: (/home/lar/ros/rope_ws/devel/.private/rosgraph_msgs/share/gennodejs/ros/rosgraph_msgs/msg/TopicStatistics.js, /home/lar/ros/rope_ws/devel/share/gennodejs/ros/rosgraph_msgs/msg/TopicStatistics.js)
Linked: (/home/lar/ros/rope_ws/devel/.private/rosgraph_msgs/share/gennodejs/ros/rosgraph_msgs/msg/_index.js, /home/lar/ros/rope_ws/devel/share/gennodejs/ros/rosgraph_msgs/msg/_index.js)
Linked: (/home/lar/ros/rope_ws/devel/.private/rosgraph_msgs/share/gennodejs/ros/rosgraph_msgs/msg/Clock.js, /home/lar/ros/rope_ws/devel/share/gennodejs/ros/rosgraph_msgs/msg/Clock.js)
Linked: (/home/lar/ros/rope_ws/devel/.private/rosgraph_msgs/share/roseus/ros/rosgraph_msgs/manifest.l, /home/lar/ros/rope_ws/devel/share/roseus/ros/rosgraph_msgs/manifest.l)
Linked: (/home/lar/ros/rope_ws/devel/.private/rosgraph_msgs/share/roseus/ros/rosgraph_msgs/msg/Log.l, /home/lar/ros/rope_ws/devel/share/roseus/ros/rosgraph_msgs/msg/Log.l)
Linked: (/home/lar/ros/rope_ws/devel/.private/rosgraph_msgs/share/roseus/ros/rosgraph_msgs/msg/TopicStatistics.l, /home/lar/ros/rope_ws/devel/share/roseus/ros/rosgraph_msgs/msg/TopicStatistics.l)
Linked: (/home/lar/ros/rope_ws/devel/.private/rosgraph_msgs/share/roseus/ros/rosgraph_msgs/msg/Clock.l, /home/lar/ros/rope_ws/devel/share/roseus/ros/rosgraph_msgs/msg/Clock.l)
Linked: (/home/lar/ros/rope_ws/devel/.private/rosgraph_msgs/share/common-lisp/ros/rosgraph_msgs/msg/Clock.lisp, /home/lar/ros/rope_ws/devel/share/common-lisp/ros/rosgraph_msgs/msg/Clock.lisp)
Linked: (/home/lar/ros/rope_ws/devel/.private/rosgraph_msgs/share/common-lisp/ros/rosgraph_msgs/msg/rosgraph_msgs-msg.asd, /home/lar/ros/rope_ws/devel/share/common-lisp/ros/rosgraph_msgs/msg/rosgraph_msgs-msg.asd)
Linked: (/home/lar/ros/rope_ws/devel/.private/rosgraph_msgs/share/common-lisp/ros/rosgraph_msgs/msg/Log.lisp, /home/lar/ros/rope_ws/devel/share/common-lisp/ros/rosgraph_msgs/msg/Log.lisp)
Linked: (/home/lar/ros/rope_ws/devel/.private/rosgraph_msgs/share/common-lisp/ros/rosgraph_msgs/msg/_package_Clock.lisp, /home/lar/ros/rope_ws/devel/share/common-lisp/ros/rosgraph_msgs/msg/_package_Clock.lisp)
Linked: (/home/lar/ros/rope_ws/devel/.private/rosgraph_msgs/share/common-lisp/ros/rosgraph_msgs/msg/_package.lisp, /home/lar/ros/rope_ws/devel/share/common-lisp/ros/rosgraph_msgs/msg/_package.lisp)
Linked: (/home/lar/ros/rope_ws/devel/.private/rosgraph_msgs/share/common-lisp/ros/rosgraph_msgs/msg/TopicStatistics.lisp, /home/lar/ros/rope_ws/devel/share/common-lisp/ros/rosgraph_msgs/msg/TopicStatistics.lisp)
Linked: (/home/lar/ros/rope_ws/devel/.private/rosgraph_msgs/share/common-lisp/ros/rosgraph_msgs/msg/_package_Log.lisp, /home/lar/ros/rope_ws/devel/share/common-lisp/ros/rosgraph_msgs/msg/_package_Log.lisp)
Linked: (/home/lar/ros/rope_ws/devel/.private/rosgraph_msgs/share/common-lisp/ros/rosgraph_msgs/msg/_package_TopicStatistics.lisp, /home/lar/ros/rope_ws/devel/share/common-lisp/ros/rosgraph_msgs/msg/_package_TopicStatistics.lisp)
Linked: (/home/lar/ros/rope_ws/devel/.private/rosgraph_msgs/share/rosgraph_msgs/cmake/rosgraph_msgsConfig-version.cmake, /home/lar/ros/rope_ws/devel/share/rosgraph_msgs/cmake/rosgraph_msgsConfig-version.cmake)
Linked: (/home/lar/ros/rope_ws/devel/.private/rosgraph_msgs/share/rosgraph_msgs/cmake/rosgraph_msgs-msg-paths.cmake, /home/lar/ros/rope_ws/devel/share/rosgraph_msgs/cmake/rosgraph_msgs-msg-paths.cmake)
Linked: (/home/lar/ros/rope_ws/devel/.private/rosgraph_msgs/share/rosgraph_msgs/cmake/rosgraph_msgsConfig.cmake, /home/lar/ros/rope_ws/devel/share/rosgraph_msgs/cmake/rosgraph_msgsConfig.cmake)
Linked: (/home/lar/ros/rope_ws/devel/.private/rosgraph_msgs/share/rosgraph_msgs/cmake/rosgraph_msgs-msg-extras.cmake, /home/lar/ros/rope_ws/devel/share/rosgraph_msgs/cmake/rosgraph_msgs-msg-extras.cmake)
