Determining if the pthread_create exist failed with the following output:
Change Dir: /home/lar/ros/rope_ws/build/rostime/CMakeFiles/CMakeTmp

Run Build Command:"/usr/bin/make" "cmTC_374d5/fast"
/usr/bin/make -f CMakeFiles/cmTC_374d5.dir/build.make CMakeFiles/cmTC_374d5.dir/build
make[1]: Entering directory '/home/lar/ros/rope_ws/build/rostime/CMakeFiles/CMakeTmp'
Building C object CMakeFiles/cmTC_374d5.dir/CheckSymbolExists.c.o
/usr/bin/cc     -o CMakeFiles/cmTC_374d5.dir/CheckSymbolExists.c.o   -c /home/lar/ros/rope_ws/build/rostime/CMakeFiles/CMakeTmp/CheckSymbolExists.c
Linking C executable cmTC_374d5
/usr/bin/cmake -E cmake_link_script CMakeFiles/cmTC_374d5.dir/link.txt --verbose=1
/usr/bin/cc       CMakeFiles/cmTC_374d5.dir/CheckSymbolExists.c.o  -o cmTC_374d5 -rdynamic 
CMakeFiles/cmTC_374d5.dir/CheckSymbolExists.c.o: In function `main':
CheckSymbolExists.c:(.text+0x16): undefined reference to `pthread_create'
collect2: error: ld returned 1 exit status
CMakeFiles/cmTC_374d5.dir/build.make:97: recipe for target 'cmTC_374d5' failed
make[1]: *** [cmTC_374d5] Error 1
make[1]: Leaving directory '/home/lar/ros/rope_ws/build/rostime/CMakeFiles/CMakeTmp'
Makefile:126: recipe for target 'cmTC_374d5/fast' failed
make: *** [cmTC_374d5/fast] Error 2

File /home/lar/ros/rope_ws/build/rostime/CMakeFiles/CMakeTmp/CheckSymbolExists.c:
/* */
#include <pthread.h>

int main(int argc, char** argv)
{
  (void)argv;
#ifndef pthread_create
  return ((int*)(&pthread_create))[argc];
#else
  (void)argc;
  return 0;
#endif
}

Determining if the function pthread_create exists in the pthreads failed with the following output:
Change Dir: /home/lar/ros/rope_ws/build/rostime/CMakeFiles/CMakeTmp

Run Build Command:"/usr/bin/make" "cmTC_12cfb/fast"
/usr/bin/make -f CMakeFiles/cmTC_12cfb.dir/build.make CMakeFiles/cmTC_12cfb.dir/build
make[1]: Entering directory '/home/lar/ros/rope_ws/build/rostime/CMakeFiles/CMakeTmp'
Building C object CMakeFiles/cmTC_12cfb.dir/CheckFunctionExists.c.o
/usr/bin/cc    -DCHECK_FUNCTION_EXISTS=pthread_create   -o CMakeFiles/cmTC_12cfb.dir/CheckFunctionExists.c.o   -c /usr/share/cmake-3.5/Modules/CheckFunctionExists.c
Linking C executable cmTC_12cfb
/usr/bin/cmake -E cmake_link_script CMakeFiles/cmTC_12cfb.dir/link.txt --verbose=1
/usr/bin/cc   -DCHECK_FUNCTION_EXISTS=pthread_create    CMakeFiles/cmTC_12cfb.dir/CheckFunctionExists.c.o  -o cmTC_12cfb -rdynamic -lpthreads 
/usr/bin/ld: cannot find -lpthreads
collect2: error: ld returned 1 exit status
CMakeFiles/cmTC_12cfb.dir/build.make:97: recipe for target 'cmTC_12cfb' failed
make[1]: *** [cmTC_12cfb] Error 1
make[1]: Leaving directory '/home/lar/ros/rope_ws/build/rostime/CMakeFiles/CMakeTmp'
Makefile:126: recipe for target 'cmTC_12cfb/fast' failed
make: *** [cmTC_12cfb/fast] Error 2


