Linked: (/home/lar/ros/rope_ws/devel/.private/nodelet/lib/libnodeletlib.so, /home/lar/ros/rope_ws/devel/lib/libnodeletlib.so)
Linked: (/home/lar/ros/rope_ws/devel/.private/nodelet/lib/nodelet/nodelet, /home/lar/ros/rope_ws/devel/lib/nodelet/nodelet)
Linked: (/home/lar/ros/rope_ws/devel/.private/nodelet/lib/python3/dist-packages/nodelet/__init__.py, /home/lar/ros/rope_ws/devel/lib/python3/dist-packages/nodelet/__init__.py)
Linked: (/home/lar/ros/rope_ws/devel/.private/nodelet/lib/python3/dist-packages/nodelet/srv/_NodeletList.py, /home/lar/ros/rope_ws/devel/lib/python3/dist-packages/nodelet/srv/_NodeletList.py)
Linked: (/home/lar/ros/rope_ws/devel/.private/nodelet/lib/python3/dist-packages/nodelet/srv/__init__.py, /home/lar/ros/rope_ws/devel/lib/python3/dist-packages/nodelet/srv/__init__.py)
Linked: (/home/lar/ros/rope_ws/devel/.private/nodelet/lib/python3/dist-packages/nodelet/srv/_NodeletUnload.py, /home/lar/ros/rope_ws/devel/lib/python3/dist-packages/nodelet/srv/_NodeletUnload.py)
Linked: (/home/lar/ros/rope_ws/devel/.private/nodelet/lib/python3/dist-packages/nodelet/srv/_NodeletLoad.py, /home/lar/ros/rope_ws/devel/lib/python3/dist-packages/nodelet/srv/_NodeletLoad.py)
Linked: (/home/lar/ros/rope_ws/devel/.private/nodelet/lib/pkgconfig/nodelet.pc, /home/lar/ros/rope_ws/devel/lib/pkgconfig/nodelet.pc)
Linked: (/home/lar/ros/rope_ws/devel/.private/nodelet/include/nodelet/NodeletListRequest.h, /home/lar/ros/rope_ws/devel/include/nodelet/NodeletListRequest.h)
Linked: (/home/lar/ros/rope_ws/devel/.private/nodelet/include/nodelet/NodeletLoadRequest.h, /home/lar/ros/rope_ws/devel/include/nodelet/NodeletLoadRequest.h)
Linked: (/home/lar/ros/rope_ws/devel/.private/nodelet/include/nodelet/NodeletList.h, /home/lar/ros/rope_ws/devel/include/nodelet/NodeletList.h)
Linked: (/home/lar/ros/rope_ws/devel/.private/nodelet/include/nodelet/NodeletListResponse.h, /home/lar/ros/rope_ws/devel/include/nodelet/NodeletListResponse.h)
Linked: (/home/lar/ros/rope_ws/devel/.private/nodelet/include/nodelet/NodeletLoad.h, /home/lar/ros/rope_ws/devel/include/nodelet/NodeletLoad.h)
Linked: (/home/lar/ros/rope_ws/devel/.private/nodelet/include/nodelet/NodeletUnload.h, /home/lar/ros/rope_ws/devel/include/nodelet/NodeletUnload.h)
Linked: (/home/lar/ros/rope_ws/devel/.private/nodelet/include/nodelet/NodeletUnloadRequest.h, /home/lar/ros/rope_ws/devel/include/nodelet/NodeletUnloadRequest.h)
Linked: (/home/lar/ros/rope_ws/devel/.private/nodelet/include/nodelet/NodeletLoadResponse.h, /home/lar/ros/rope_ws/devel/include/nodelet/NodeletLoadResponse.h)
Linked: (/home/lar/ros/rope_ws/devel/.private/nodelet/include/nodelet/NodeletUnloadResponse.h, /home/lar/ros/rope_ws/devel/include/nodelet/NodeletUnloadResponse.h)
Linked: (/home/lar/ros/rope_ws/devel/.private/nodelet/share/gennodejs/ros/nodelet/_index.js, /home/lar/ros/rope_ws/devel/share/gennodejs/ros/nodelet/_index.js)
Linked: (/home/lar/ros/rope_ws/devel/.private/nodelet/share/gennodejs/ros/nodelet/srv/NodeletUnload.js, /home/lar/ros/rope_ws/devel/share/gennodejs/ros/nodelet/srv/NodeletUnload.js)
Linked: (/home/lar/ros/rope_ws/devel/.private/nodelet/share/gennodejs/ros/nodelet/srv/NodeletList.js, /home/lar/ros/rope_ws/devel/share/gennodejs/ros/nodelet/srv/NodeletList.js)
Linked: (/home/lar/ros/rope_ws/devel/.private/nodelet/share/gennodejs/ros/nodelet/srv/_index.js, /home/lar/ros/rope_ws/devel/share/gennodejs/ros/nodelet/srv/_index.js)
Linked: (/home/lar/ros/rope_ws/devel/.private/nodelet/share/gennodejs/ros/nodelet/srv/NodeletLoad.js, /home/lar/ros/rope_ws/devel/share/gennodejs/ros/nodelet/srv/NodeletLoad.js)
Linked: (/home/lar/ros/rope_ws/devel/.private/nodelet/share/roseus/ros/nodelet/manifest.l, /home/lar/ros/rope_ws/devel/share/roseus/ros/nodelet/manifest.l)
Linked: (/home/lar/ros/rope_ws/devel/.private/nodelet/share/roseus/ros/nodelet/srv/NodeletList.l, /home/lar/ros/rope_ws/devel/share/roseus/ros/nodelet/srv/NodeletList.l)
Linked: (/home/lar/ros/rope_ws/devel/.private/nodelet/share/roseus/ros/nodelet/srv/NodeletUnload.l, /home/lar/ros/rope_ws/devel/share/roseus/ros/nodelet/srv/NodeletUnload.l)
Linked: (/home/lar/ros/rope_ws/devel/.private/nodelet/share/roseus/ros/nodelet/srv/NodeletLoad.l, /home/lar/ros/rope_ws/devel/share/roseus/ros/nodelet/srv/NodeletLoad.l)
Linked: (/home/lar/ros/rope_ws/devel/.private/nodelet/share/nodelet/cmake/nodeletConfig.cmake, /home/lar/ros/rope_ws/devel/share/nodelet/cmake/nodeletConfig.cmake)
Linked: (/home/lar/ros/rope_ws/devel/.private/nodelet/share/nodelet/cmake/nodelet-msg-paths.cmake, /home/lar/ros/rope_ws/devel/share/nodelet/cmake/nodelet-msg-paths.cmake)
Linked: (/home/lar/ros/rope_ws/devel/.private/nodelet/share/nodelet/cmake/nodeletConfig-version.cmake, /home/lar/ros/rope_ws/devel/share/nodelet/cmake/nodeletConfig-version.cmake)
Linked: (/home/lar/ros/rope_ws/devel/.private/nodelet/share/nodelet/cmake/nodelet-msg-extras.cmake, /home/lar/ros/rope_ws/devel/share/nodelet/cmake/nodelet-msg-extras.cmake)
Linked: (/home/lar/ros/rope_ws/devel/.private/nodelet/share/common-lisp/ros/nodelet/srv/NodeletList.lisp, /home/lar/ros/rope_ws/devel/share/common-lisp/ros/nodelet/srv/NodeletList.lisp)
Linked: (/home/lar/ros/rope_ws/devel/.private/nodelet/share/common-lisp/ros/nodelet/srv/_package_NodeletLoad.lisp, /home/lar/ros/rope_ws/devel/share/common-lisp/ros/nodelet/srv/_package_NodeletLoad.lisp)
Linked: (/home/lar/ros/rope_ws/devel/.private/nodelet/share/common-lisp/ros/nodelet/srv/nodelet-srv.asd, /home/lar/ros/rope_ws/devel/share/common-lisp/ros/nodelet/srv/nodelet-srv.asd)
Linked: (/home/lar/ros/rope_ws/devel/.private/nodelet/share/common-lisp/ros/nodelet/srv/NodeletLoad.lisp, /home/lar/ros/rope_ws/devel/share/common-lisp/ros/nodelet/srv/NodeletLoad.lisp)
Linked: (/home/lar/ros/rope_ws/devel/.private/nodelet/share/common-lisp/ros/nodelet/srv/_package_NodeletList.lisp, /home/lar/ros/rope_ws/devel/share/common-lisp/ros/nodelet/srv/_package_NodeletList.lisp)
Linked: (/home/lar/ros/rope_ws/devel/.private/nodelet/share/common-lisp/ros/nodelet/srv/_package.lisp, /home/lar/ros/rope_ws/devel/share/common-lisp/ros/nodelet/srv/_package.lisp)
Linked: (/home/lar/ros/rope_ws/devel/.private/nodelet/share/common-lisp/ros/nodelet/srv/_package_NodeletUnload.lisp, /home/lar/ros/rope_ws/devel/share/common-lisp/ros/nodelet/srv/_package_NodeletUnload.lisp)
Linked: (/home/lar/ros/rope_ws/devel/.private/nodelet/share/common-lisp/ros/nodelet/srv/NodeletUnload.lisp, /home/lar/ros/rope_ws/devel/share/common-lisp/ros/nodelet/srv/NodeletUnload.lisp)
