Determining if the pthread_create exist failed with the following output:
Change Dir: /home/lar/ros/baxter_ws/build/CMakeFiles/CMakeTmp

Run Build Command:"/usr/bin/make" "cmTC_7ade2/fast"
/usr/bin/make -f CMakeFiles/cmTC_7ade2.dir/build.make CMakeFiles/cmTC_7ade2.dir/build
make[1]: Entering directory '/home/lar/ros/baxter_ws/build/CMakeFiles/CMakeTmp'
Building C object CMakeFiles/cmTC_7ade2.dir/CheckSymbolExists.c.o
/usr/bin/cc     -o CMakeFiles/cmTC_7ade2.dir/CheckSymbolExists.c.o   -c /home/lar/ros/baxter_ws/build/CMakeFiles/CMakeTmp/CheckSymbolExists.c
Linking C executable cmTC_7ade2
/usr/bin/cmake -E cmake_link_script CMakeFiles/cmTC_7ade2.dir/link.txt --verbose=1
/usr/bin/cc       CMakeFiles/cmTC_7ade2.dir/CheckSymbolExists.c.o  -o cmTC_7ade2 -rdynamic 
CMakeFiles/cmTC_7ade2.dir/CheckSymbolExists.c.o: In function `main':
CheckSymbolExists.c:(.text+0x16): undefined reference to `pthread_create'
collect2: error: ld returned 1 exit status
CMakeFiles/cmTC_7ade2.dir/build.make:97: recipe for target 'cmTC_7ade2' failed
make[1]: *** [cmTC_7ade2] Error 1
make[1]: Leaving directory '/home/lar/ros/baxter_ws/build/CMakeFiles/CMakeTmp'
Makefile:126: recipe for target 'cmTC_7ade2/fast' failed
make: *** [cmTC_7ade2/fast] Error 2

File /home/lar/ros/baxter_ws/build/CMakeFiles/CMakeTmp/CheckSymbolExists.c:
/* */
#include <pthread.h>

int main(int argc, char** argv)
{
  (void)argv;
#ifndef pthread_create
  return ((int*)(&pthread_create))[argc];
#else
  (void)argc;
  return 0;
#endif
}

Determining if the function pthread_create exists in the pthreads failed with the following output:
Change Dir: /home/lar/ros/baxter_ws/build/CMakeFiles/CMakeTmp

Run Build Command:"/usr/bin/make" "cmTC_73dc8/fast"
/usr/bin/make -f CMakeFiles/cmTC_73dc8.dir/build.make CMakeFiles/cmTC_73dc8.dir/build
make[1]: Entering directory '/home/lar/ros/baxter_ws/build/CMakeFiles/CMakeTmp'
Building C object CMakeFiles/cmTC_73dc8.dir/CheckFunctionExists.c.o
/usr/bin/cc    -DCHECK_FUNCTION_EXISTS=pthread_create   -o CMakeFiles/cmTC_73dc8.dir/CheckFunctionExists.c.o   -c /usr/share/cmake-3.5/Modules/CheckFunctionExists.c
Linking C executable cmTC_73dc8
/usr/bin/cmake -E cmake_link_script CMakeFiles/cmTC_73dc8.dir/link.txt --verbose=1
/usr/bin/cc   -DCHECK_FUNCTION_EXISTS=pthread_create    CMakeFiles/cmTC_73dc8.dir/CheckFunctionExists.c.o  -o cmTC_73dc8 -rdynamic -lpthreads 
/usr/bin/ld: cannot find -lpthreads
collect2: error: ld returned 1 exit status
CMakeFiles/cmTC_73dc8.dir/build.make:97: recipe for target 'cmTC_73dc8' failed
make[1]: *** [cmTC_73dc8] Error 1
make[1]: Leaving directory '/home/lar/ros/baxter_ws/build/CMakeFiles/CMakeTmp'
Makefile:126: recipe for target 'cmTC_73dc8/fast' failed
make: *** [cmTC_73dc8/fast] Error 2


